<?xml version="1.0" encoding="UTF-8"?>
<!-- Generated by org.testng.reporters.JUnitXMLReporter -->
<testsuite ignored="0" hostname="LAPTOP-1I0UICJP" failures="0" tests="3" name="Default test" time="4.484" errors="0" timestamp="2022-05-18T00:18:26 PDT">
  <testcase classname="com.qa.api.testcases.POST_User_Scenario8_DataDrivenTesting" name="dataDrivenTesting" time="1.798"/>
  <testcase classname="com.qa.api.testcases.POST_User_Scenario8_DataDrivenTesting" name="dataDrivenTesting" time="1.018"/>
  <testcase classname="com.qa.api.testcases.POST_User_Scenario8_DataDrivenTesting" name="dataDrivenTesting" time="1.031"/>
</testsuite> <!-- Default test -->
