<?xml version="1.0" encoding="UTF-8"?>
<!-- Generated by org.testng.reporters.JUnitXMLReporter -->
<testsuite ignored="0" hostname="LAPTOP-1I0UICJP" failures="0" tests="3" name="Default test" time="4.201" errors="0" timestamp="2022-05-17T23:30:35 PDT">
  <testcase classname="com.qa.api.testcases.POST_User_Scenario8_DataDrivenTesting" name="dataDrivenTesting" time="1.619"/>
  <testcase classname="com.qa.api.testcases.POST_User_Scenario8_DataDrivenTesting" name="dataDrivenTesting" time="1.015"/>
  <testcase classname="com.qa.api.testcases.POST_User_Scenario8_DataDrivenTesting" name="dataDrivenTesting" time="0.963"/>
</testsuite> <!-- Default test -->
