<?xml version="1.0" encoding="UTF-8"?>
<testng-results ignored="0" total="6" passed="6" failed="0" skipped="0">
  <reporter-output>
  </reporter-output>
  <suite started-at="2022-05-16T22:22:19 PDT" name="Default suite" finished-at="2022-05-16T22:22:21 PDT" duration-ms="1724">
    <groups>
    </groups>
    <test started-at="2022-05-16T22:22:19 PDT" name="Default test" finished-at="2022-05-16T22:22:21 PDT" duration-ms="1724">
      <class name="com.qa.api.testcases.POST">
        <test-method is-config="true" signature="postRequest()[pri:0, instance:com.qa.api.testcases.POST@6a400542]" started-at="2022-05-16T22:22:19 PDT" name="postRequest" finished-at="2022-05-16T22:22:21 PDT" duration-ms="1610" status="PASS">
          <reporter-output>
          </reporter-output>
        </test-method> <!-- postRequest -->
        <test-method signature="dataValidation()[pri:0, instance:com.qa.api.testcases.POST@6a400542]" started-at="2022-05-16T22:22:21 PDT" name="dataValidation" finished-at="2022-05-16T22:22:21 PDT" duration-ms="10" status="PASS">
          <reporter-output>
          </reporter-output>
        </test-method> <!-- dataValidation -->
        <test-method signature="headerValidation()[pri:0, instance:com.qa.api.testcases.POST@6a400542]" started-at="2022-05-16T22:22:21 PDT" name="headerValidation" finished-at="2022-05-16T22:22:21 PDT" duration-ms="1" status="PASS">
          <reporter-output>
          </reporter-output>
        </test-method> <!-- headerValidation -->
        <test-method signature="idNotNull()[pri:0, instance:com.qa.api.testcases.POST@6a400542]" started-at="2022-05-16T22:22:21 PDT" name="idNotNull" finished-at="2022-05-16T22:22:21 PDT" duration-ms="1" status="PASS">
          <reporter-output>
          </reporter-output>
        </test-method> <!-- idNotNull -->
        <test-method signature="lengthOfParametersValidation()[pri:0, instance:com.qa.api.testcases.POST@6a400542]" started-at="2022-05-16T22:22:21 PDT" name="lengthOfParametersValidation" finished-at="2022-05-16T22:22:21 PDT" duration-ms="1" status="PASS">
          <reporter-output>
          </reporter-output>
        </test-method> <!-- lengthOfParametersValidation -->
        <test-method signature="respPayloadNotNull()[pri:0, instance:com.qa.api.testcases.POST@6a400542]" started-at="2022-05-16T22:22:21 PDT" name="respPayloadNotNull" finished-at="2022-05-16T22:22:21 PDT" duration-ms="1" status="PASS">
          <reporter-output>
          </reporter-output>
        </test-method> <!-- respPayloadNotNull -->
        <test-method signature="schemaValidation()[pri:0, instance:com.qa.api.testcases.POST@6a400542]" started-at="2022-05-16T22:22:21 PDT" name="schemaValidation" finished-at="2022-05-16T22:22:21 PDT" duration-ms="43" status="PASS">
          <reporter-output>
          </reporter-output>
        </test-method> <!-- schemaValidation -->
        <test-method is-config="true" signature="tearDown()[pri:0, instance:com.qa.api.testcases.POST@6a400542]" started-at="2022-05-16T22:22:21 PDT" name="tearDown" finished-at="2022-05-16T22:22:21 PDT" duration-ms="0" status="PASS">
          <reporter-output>
          </reporter-output>
        </test-method> <!-- tearDown -->
      </class> <!-- com.qa.api.testcases.POST -->
    </test> <!-- Default test -->
  </suite> <!-- Default suite -->
</testng-results>
